<?xml version="1.0" encoding="UTF-8"?>
<!-- Generated by org.testng.reporters.JUnitReportReporter -->
<testsuite hostname="DESKTOP-3AM1LTO" failures="0" tests="2" name="com.sauceDemo.TestClasses.TC03VerifyMenuBar" time="-1645008512.000" errors="1" timestamp="2022-02-16T16:19:30 IST" skipped="1">
  <testcase classname="com.sauceDemo.TestClasses.TC03VerifyMenuBar" name="verifymenubar" time="0.000">
    <skipped/>
  </testcase> <!-- verifymenubar -->
  <system-out/>
  <testcase classname="com.sauceDemo.TestClasses.TC03VerifyMenuBar" name="loginmethod" time="-1645008512.000">
    <error message="
Parameter &#039;browserName&#039; is required by BeforeMethod on method loginmethod but has not been marked @Optional or defined
in E:\pradip\SauceDemo1\testng.xml" type="org.testng.TestNGException">
      <![CDATA[org.testng.TestNGException: 
Parameter 'browserName' is required by BeforeMethod on method loginmethod but has not been marked @Optional or defined
in E:\pradip\SauceDemo1\testng.xml
at org.testng.internal.Parameters.createParams(Parameters.java:270)
at org.testng.internal.Parameters.createParametersForMethod(Parameters.java:358)
at org.testng.internal.Parameters.createParameters(Parameters.java:700)
at org.testng.internal.Parameters.createConfigurationParameters(Parameters.java:168)
at org.testng.internal.ConfigInvoker.invokeConfigurations(ConfigInvoker.java:302)
at org.testng.internal.TestInvoker.runConfigMethods(TestInvoker.java:700)
at org.testng.internal.TestInvoker.invokeMethod(TestInvoker.java:527)
at org.testng.internal.TestInvoker.invokeTestMethod(TestInvoker.java:173)
at org.testng.internal.MethodRunner.runInSequence(MethodRunner.java:46)
at org.testng.internal.TestInvoker$MethodInvocationAgent.invoke(TestInvoker.java:824)
at org.testng.internal.TestInvoker.invokeTestMethods(TestInvoker.java:146)
at org.testng.internal.TestMethodWorker.invokeTestMethods(TestMethodWorker.java:146)
at org.testng.internal.TestMethodWorker.run(TestMethodWorker.java:128)
at java.base/java.util.concurrent.ThreadPoolExecutor.runWorker(ThreadPoolExecutor.java:1136)
at java.base/java.util.concurrent.ThreadPoolExecutor$Worker.run(ThreadPoolExecutor.java:635)
at java.base/java.lang.Thread.run(Thread.java:833)
]]>
    </error>
  </testcase> <!-- loginmethod -->
  <system-out/>
</testsuite> <!-- com.sauceDemo.TestClasses.TC03VerifyMenuBar -->
